>>> make pytest
  ● Executing pytest in orchestro..
============================= test session starts ==============================
platform linux -- Python 3.12.11, pytest-8.4.0, pluggy-1.6.0 -- /home/runner/work/orchestro/orchestro/main/.venv-package/bin/python3
cachedir: .pytest_cache
Using --randomly-seed=1055644218
rootdir: /home/runner/work/orchestro/orchestro/main
plugins: mypy-1.0.1, randomly-3.16.0, sphinx-0.6.3, xdist-3.7.0, clarity-1.0.1, cov-6.2.1
created: 4/4 workers
4 workers [80 items]

scheduling tests via LoadScheduling

orchestro/orche/childs/test/test_child.py::test_OrcheChild_cover 
orchestro/ansbtest/test_inventory.py::mypy 
orchestro/execution/test/__init__.py::mypy 
orchestro/orche/addons/test/test_logger.py::mypy 
[gw0] [  1%] PASSED orchestro/orche/childs/test/test_child.py::test_OrcheChild_cover 
orchestro/orche/childs/test/test_group.py::test_OrcheGroup 
[gw0] [  2%] PASSED orchestro/orche/childs/test/test_group.py::test_OrcheGroup 
orchestro/orche/childs/test/test_subnet.py::test_OrcheSubnet 
[gw0] [  3%] PASSED orchestro/orche/childs/test/test_subnet.py::test_OrcheSubnet 
orchestro/__init__.py::mypy 
[gw2] [  5%] PASSED orchestro/execution/test/__init__.py::mypy 
orchestro/execution/crypts.py::mypy 
[gw2] [  6%] PASSED orchestro/execution/crypts.py::mypy 
orchestro/conftest.py::mypy 
[gw2] [  7%] PASSED orchestro/conftest.py::mypy 
orchestro/execution/test/test_crypts.py::mypy 
[gw2] [  8%] PASSED orchestro/execution/test/test_crypts.py::mypy 
orchestro/execution/test/test_vault.py::mypy 
[gw2] [ 10%] PASSED orchestro/execution/test/test_vault.py::mypy 
orchestro/orche/addons/logger.py::mypy 
[gw1] [ 11%] PASSED orchestro/ansbtest/test_inventory.py::mypy 
orchestro/__init__.py::mypy-status 
[gw0] [ 12%] PASSED orchestro/__init__.py::mypy 
orchestro/ansbtest/__init__.py::mypy 
[gw1] [ 13%] FAILED orchestro/__init__.py::mypy-status 
orchestro/execution/config.py::mypy 
[gw0] [ 15%] PASSED orchestro/ansbtest/__init__.py::mypy 
orchestro/orche/addons/__init__.py::mypy 
[gw1] [ 16%] PASSED orchestro/execution/config.py::mypy 
orchestro/execution/__init__.py::mypy 
[gw0] [ 17%] PASSED orchestro/orche/addons/__init__.py::mypy 
orchestro/lookups/orche.py::mypy 
[gw0] [ 18%] PASSED orchestro/lookups/orche.py::mypy 
orchestro/orche/__init__.py::mypy 
[gw0] [ 20%] PASSED orchestro/orche/__init__.py::mypy 
orchestro/inventory/__init__.py::mypy 
[gw0] [ 21%] PASSED orchestro/inventory/__init__.py::mypy 
orchestro/execution/vault.py::mypy 
[gw0] [ 22%] PASSED orchestro/execution/vault.py::mypy 
orchestro/orche/childs/child.py::mypy 
[gw0] [ 23%] PASSED orchestro/orche/childs/child.py::mypy 
orchestro/orche/childs/subnet.py::mypy 
[gw0] [ 25%] PASSED orchestro/orche/childs/subnet.py::mypy 
orchestro/orche/childs/__init__.py::mypy 
[gw0] [ 26%] PASSED orchestro/orche/childs/__init__.py::mypy 
orchestro/orche/childs/test/test_group.py::mypy 
[gw3] [ 27%] PASSED orchestro/orche/addons/test/test_logger.py::mypy 
orchestro/inventory/orche.py::mypy 
[gw0] [ 28%] PASSED orchestro/orche/childs/test/test_group.py::mypy 
orchestro/orche/childs/test/test_orche.py::mypy 
[gw3] [ 30%] PASSED orchestro/inventory/orche.py::mypy 
orchestro/orche/addons/test/__init__.py::mypy 
[gw3] [ 31%] PASSED orchestro/orche/addons/test/__init__.py::mypy 
orchestro/filters/orche.py::mypy 
[gw3] [ 32%] PASSED orchestro/filters/orche.py::mypy 
orchestro/filters/__init__.py::mypy 
[gw3] [ 33%] PASSED orchestro/filters/__init__.py::mypy 
orchestro/orche/params/group.py::mypy 
[gw3] [ 35%] PASSED orchestro/orche/params/group.py::mypy 
orchestro/orche/params/child.py::mypy 
[gw3] [ 36%] PASSED orchestro/orche/params/child.py::mypy 
orchestro/orche/params/subnet.py::mypy 
[gw3] [ 37%] PASSED orchestro/orche/params/subnet.py::mypy 
orchestro/orche/common.py::mypy 
[gw3] [ 38%] PASSED orchestro/orche/common.py::mypy 
orchestro/orche/params/orche.py::mypy 
[gw3] [ 40%] PASSED orchestro/orche/params/orche.py::mypy 
orchestro/orche/test/test_config.py::mypy 
[gw3] [ 41%] PASSED orchestro/orche/test/test_config.py::mypy 
orchestro/orche/orche.py::mypy 
[gw3] [ 42%] PASSED orchestro/orche/orche.py::mypy 
orchestro/orche/config.py::mypy 
[gw3] [ 43%] FAILED orchestro/orche/config.py::mypy 
orchestro/orche/params/__init__.py::mypy 
[gw2] [ 45%] PASSED orchestro/orche/addons/logger.py::mypy 
orchestro/lookups/__init__.py::mypy 
[gw3] [ 46%] PASSED orchestro/orche/params/__init__.py::mypy 
orchestro/orche/params/person.py::mypy 
[gw2] [ 47%] PASSED orchestro/lookups/__init__.py::mypy 
orchestro/orche/childs/test/test_child.py::mypy 
[gw3] [ 48%] PASSED orchestro/orche/params/person.py::mypy 
orchestro/orche/params/system.py::mypy 
[gw2] [ 50%] PASSED orchestro/orche/childs/test/test_child.py::mypy 
orchestro/orche/childs/orche.py::mypy 
[gw2] [ 51%] PASSED orchestro/orche/childs/orche.py::mypy 
orchestro/orche/models.py::mypy 
[gw2] [ 52%] PASSED orchestro/orche/models.py::mypy 
orchestro/orche/test/test_models.py::mypy 
[gw2] [ 53%] PASSED orchestro/orche/test/test_models.py::mypy 
orchestro/orche/test/test_orche.py::mypy 
[gw2] [ 55%] PASSED orchestro/orche/test/test_orche.py::mypy 
orchestro/utils/test/test_child.py::mypy 
[gw2] [ 56%] PASSED orchestro/utils/test/test_child.py::mypy 
orchestro/utils/param.py::mypy 
[gw2] [ 57%] PASSED orchestro/utils/param.py::mypy 
orchestro/utils/__init__.py::mypy 
[gw2] [ 58%] PASSED orchestro/utils/__init__.py::mypy 
orchestro/utils/test/__init__.py::mypy 
[gw2] [ 60%] PASSED orchestro/utils/test/__init__.py::mypy 
orchestro/utils/child.py::mypy 
[gw2] [ 61%] PASSED orchestro/utils/child.py::mypy 
orchestro/utils/test/test_param.py::mypy 
[gw0] [ 62%] PASSED orchestro/orche/childs/test/test_orche.py::mypy 
orchestro/orche/childs/test/test_person.py::mypy 
[gw2] [ 63%] PASSED orchestro/utils/test/test_param.py::mypy 
orchestro/orche/childs/test/test_system.py::test_OrcheSystem 
[gw0] [ 65%] PASSED orchestro/orche/childs/test/test_person.py::mypy 
orchestro/orche/childs/test/test_subnet.py::mypy 
[gw1] [ 66%] PASSED orchestro/execution/__init__.py::mypy 
orchestro/execution/test/test_config.py::mypy 
[gw1] [ 67%] PASSED orchestro/execution/test/test_config.py::mypy 
orchestro/orche/childs/group.py::mypy 
[gw1] [ 68%] PASSED orchestro/orche/childs/group.py::mypy 
orchestro/orche/childs/system.py::mypy 
[gw1] [ 70%] PASSED orchestro/orche/childs/system.py::mypy 
orchestro/orche/childs/test/__init__.py::mypy 
[gw1] [ 71%] PASSED orchestro/orche/childs/test/__init__.py::mypy 
orchestro/orche/childs/person.py::mypy 
[gw1] [ 72%] PASSED orchestro/orche/childs/person.py::mypy 
orchestro/utils/test/test_param.py::test_InvalidParam 
[gw3] [ 73%] PASSED orchestro/orche/params/system.py::mypy 
orchestro/orche/params/common.py::mypy 
[gw3] [ 75%] PASSED orchestro/orche/params/common.py::mypy 
orchestro/orche/test/__init__.py::mypy 
[gw3] [ 76%] PASSED orchestro/orche/test/__init__.py::mypy 
orchestro/orche/addons/test/test_logger.py::test_OrcheLogger_cover 
[gw0] [ 77%] PASSED orchestro/orche/childs/test/test_subnet.py::mypy 
orchestro/orche/childs/test/test_system.py::mypy 
[gw0] [ 78%] PASSED orchestro/orche/childs/test/test_system.py::mypy 
orchestro/orche/addons/test/test_logger.py::test_OrcheLogger 
[gw2] [ 80%] PASSED orchestro/orche/childs/test/test_system.py::test_OrcheSystem 
orchestro/execution/test/test_config.py::test_arguments 
[gw2] [ 81%] PASSED orchestro/execution/test/test_config.py::test_arguments 
orchestro/orche/test/test_orche.py::test_Orche 
[gw3] [ 82%] PASSED orchestro/orche/addons/test/test_logger.py::test_OrcheLogger_cover 
orchestro/orche/addons/test/test_logger.py::test_OrcheLogger_message 
[gw1] [ 83%] PASSED orchestro/utils/test/test_param.py::test_InvalidParam 
orchestro/ansbtest/test_inventory.py::test_InventoryModule 
[gw0] [ 85%] PASSED orchestro/orche/addons/test/test_logger.py::test_OrcheLogger 
orchestro/orche/test/test_config.py::test_OrcheConfig 
[gw2] [ 86%] PASSED orchestro/orche/test/test_orche.py::test_Orche 
orchestro/orche/test/test_orche.py::test_Orche_cover 
[gw2] [ 87%] PASSED orchestro/orche/test/test_orche.py::test_Orche_cover 
orchestro/execution/test/test_crypts.py::test_arguments 
[gw2] [ 88%] PASSED orchestro/execution/test/test_crypts.py::test_arguments 
[gw3] [ 90%] PASSED orchestro/orche/addons/test/test_logger.py::test_OrcheLogger_message 
orchestro/utils/test/test_child.py::test_InvalidChild 
[gw2] [ 91%] PASSED orchestro/utils/test/test_child.py::test_InvalidChild 
orchestro/orche/test/test_models.py::test_OrcheModels_cover 
orchestro/utils/test/test_child.py::test_InvalidChild_cover 
[gw3] [ 92%] PASSED orchestro/orche/test/test_models.py::test_OrcheModels_cover 
orchestro/orche/childs/test/test_orche.py::test_OrcheChilds 
[gw3] [ 93%] PASSED orchestro/orche/childs/test/test_orche.py::test_OrcheChilds 
[gw0] [ 95%] PASSED orchestro/orche/test/test_config.py::test_OrcheConfig 
orchestro/execution/test/test_vault.py::test_arguments 
[gw0] [ 96%] PASSED orchestro/execution/test/test_vault.py::test_arguments 
[gw2] [ 97%] PASSED orchestro/utils/test/test_child.py::test_InvalidChild_cover 
[gw1] [ 98%] PASSED orchestro/ansbtest/test_inventory.py::test_InventoryModule 
orchestro/orche/childs/test/test_person.py::test_OrchePerson 
[gw1] [100%] PASSED orchestro/orche/childs/test/test_person.py::test_OrchePerson 

=================================== FAILURES ===================================
_________________________________ test session _________________________________
[gw1] linux -- Python 3.12.11 /home/runner/work/orchestro/orchestro/main/.venv-package/bin/python3
mypy exited with status 1.
_______________________ [mypy] orchestro/orche/config.py _______________________
[gw3] linux -- Python 3.12.11 /home/runner/work/orchestro/orchestro/main/.venv-package/bin/python3
141: error: Incompatible return value type (got "Params | None", expected "OrcheParams")  [return-value]
198: error: Incompatible override of a setter type  [override]
198: note:  (base class "Config" defined the type as "Params | None",
198: note:  override has type "Params")
198: note:  Setter types should behave contravariantly
===================================== mypy =====================================
Found 2 errors in 1 file (checked 59 source files)
================================ tests coverage ================================
_______________ coverage: platform linux, python 3.12.11-final-0 _______________

Name                                         Stmts   Miss  Cover
----------------------------------------------------------------
orchestro/__init__.py                            6      0   100%
orchestro/ansbtest/__init__.py                   0      0   100%
orchestro/ansbtest/test_inventory.py            18      0   100%
orchestro/conftest.py                           25      0   100%
orchestro/execution/__init__.py                  0      0   100%
orchestro/execution/config.py                   15      0   100%
orchestro/execution/crypts.py                   18      0   100%
orchestro/execution/test/__init__.py             0      0   100%
orchestro/execution/test/test_config.py          4      0   100%
orchestro/execution/test/test_crypts.py          4      0   100%
orchestro/execution/test/test_vault.py           4      0   100%
orchestro/execution/vault.py                    15      0   100%
orchestro/filters/__init__.py                    0      0   100%
orchestro/filters/orche.py                       3      0   100%
orchestro/inventory/__init__.py                  0      0   100%
orchestro/inventory/orche.py                   129      0   100%
orchestro/lookups/__init__.py                    0      0   100%
orchestro/lookups/orche.py                       9      0   100%
orchestro/orche/__init__.py                      3      0   100%
orchestro/orche/addons/__init__.py               2      0   100%
orchestro/orche/addons/logger.py                65      0   100%
orchestro/orche/addons/test/__init__.py          0      0   100%
orchestro/orche/addons/test/test_logger.py      39      0   100%
orchestro/orche/childs/__init__.py               7      0   100%
orchestro/orche/childs/child.py                 71      0   100%
orchestro/orche/childs/group.py                 29      0   100%
orchestro/orche/childs/orche.py                131      0   100%
orchestro/orche/childs/person.py                48      0   100%
orchestro/orche/childs/subnet.py                21      0   100%
orchestro/orche/childs/system.py                40      0   100%
orchestro/orche/childs/test/__init__.py          0      0   100%
orchestro/orche/childs/test/test_child.py        8      0   100%
orchestro/orche/childs/test/test_group.py       24      0   100%
orchestro/orche/childs/test/test_orche.py       16      0   100%
orchestro/orche/childs/test/test_person.py      26      0   100%
orchestro/orche/childs/test/test_subnet.py      22      0   100%
orchestro/orche/childs/test/test_system.py      26      0   100%
orchestro/orche/common.py                        2      0   100%
orchestro/orche/config.py                      102      0   100%
orchestro/orche/models.py                       27      0   100%
orchestro/orche/orche.py                        40      0   100%
orchestro/orche/params/__init__.py               8      0   100%
orchestro/orche/params/child.py                 11      0   100%
orchestro/orche/params/common.py                 2      0   100%
orchestro/orche/params/group.py                 13      0   100%
orchestro/orche/params/orche.py                 17      0   100%
orchestro/orche/params/person.py                13      0   100%
orchestro/orche/params/subnet.py                 8      0   100%
orchestro/orche/params/system.py                14      0   100%
orchestro/orche/test/__init__.py                 2      0   100%
orchestro/orche/test/test_config.py             20      0   100%
orchestro/orche/test/test_models.py              9      0   100%
orchestro/orche/test/test_orche.py              27      0   100%
orchestro/utils/__init__.py                      3      0   100%
orchestro/utils/child.py                        18      0   100%
orchestro/utils/param.py                        29      0   100%
orchestro/utils/test/__init__.py                 0      0   100%
orchestro/utils/test/test_child.py              20      0   100%
orchestro/utils/test/test_param.py              16      0   100%
----------------------------------------------------------------
TOTAL                                         1229      0   100%
=========================== short test summary info ============================
FAILED orchestro/__init__.py::mypy-status
FAILED orchestro/orche/config.py::mypy
======================== 2 failed, 78 passed in 10.55s =========================
