>>> make pytest
  ● Executing pytest in orchestro..
============================= test session starts ==============================
platform linux -- Python 3.12.10, pytest-8.3.5, pluggy-1.5.0 -- /home/runner/work/orchestro/orchestro/main/.venv-package/bin/python3
cachedir: .pytest_cache
Using --randomly-seed=3821280836
rootdir: /home/runner/work/orchestro/orchestro/main
plugins: cov-6.1.1, mypy-1.0.1, sphinx-0.6.3, clarity-1.0.1, randomly-3.16.0, xdist-3.6.1
created: 4/4 workers
4 workers [89 items]

scheduling tests via LoadScheduling

orchestro/orche/test/test_orche.py::test_Orche 
orchestro/conftest.py::mypy 
orchestro/utils/test/test_child.py::test_InvalidChild_cover 
orchestro/execution/crypts.py::mypy 
[gw0] [  1%] PASSED orchestro/utils/test/test_child.py::test_InvalidChild_cover 
orchestro/utils/test/test_child.py::test_InvalidChild 
[gw0] [  2%] PASSED orchestro/utils/test/test_child.py::test_InvalidChild 
orchestro/utils/test/test_param.py::test_InvalidParam 
[gw0] [  3%] PASSED orchestro/utils/test/test_param.py::test_InvalidParam 
orchestro/orche/childs/test/test_orche.py::test_OrcheChilds 
[gw1] [  4%] PASSED orchestro/orche/test/test_orche.py::test_Orche 
orchestro/orche/test/test_orche.py::test_Orche_cover 
[gw1] [  5%] PASSED orchestro/orche/test/test_orche.py::test_Orche_cover 
orchestro/execution/test/test_config.py::test_arguments 
[gw1] [  6%] PASSED orchestro/execution/test/test_config.py::test_arguments 
orchestro/orche/childs/test/test_person.py::test_OrchePerson_cover 
[gw0] [  7%] PASSED orchestro/orche/childs/test/test_orche.py::test_OrcheChilds 
orchestro/inventory/test/test_orche.py::test_InventoryModule 
[gw0] [  8%] PASSED orchestro/inventory/test/test_orche.py::test_InventoryModule 
orchestro/execution/test/test_crypts.py::mypy 
[gw1] [ 10%] PASSED orchestro/orche/childs/test/test_person.py::test_OrchePerson_cover 
orchestro/actions/overview.py::mypy 
[gw3] [ 11%] PASSED orchestro/conftest.py::mypy 
orchestro/execution/test/test_config.py::mypy 
[gw3] [ 12%] PASSED orchestro/execution/test/test_config.py::mypy 
orchestro/callbacks/__init__.py::mypy 
[gw3] [ 13%] PASSED orchestro/callbacks/__init__.py::mypy 
orchestro/__init__.py::mypy 
[gw3] [ 14%] PASSED orchestro/__init__.py::mypy 
orchestro/actions/__init__.py::mypy 
[gw3] [ 15%] PASSED orchestro/actions/__init__.py::mypy 
orchestro/orche/__init__.py::mypy 
[gw3] [ 16%] PASSED orchestro/orche/__init__.py::mypy 
orchestro/orche/addons/test/__init__.py::mypy 
[gw2] [ 17%] PASSED orchestro/execution/crypts.py::mypy 
orchestro/execution/__init__.py::mypy 
[gw2] [ 19%] PASSED orchestro/execution/__init__.py::mypy 
orchestro/execution/test/__init__.py::mypy 
[gw1] [ 20%] PASSED orchestro/actions/overview.py::mypy 
orchestro/inventory/test/test_orche.py::mypy 
[gw1] [ 21%] PASSED orchestro/inventory/test/test_orche.py::mypy 
orchestro/inventory/test/__init__.py::mypy 
[gw1] [ 22%] PASSED orchestro/inventory/test/__init__.py::mypy 
orchestro/filters/common.py::mypy 
[gw1] [ 23%] PASSED orchestro/filters/common.py::mypy 
orchestro/filters/__init__.py::mypy 
[gw1] [ 24%] PASSED orchestro/filters/__init__.py::mypy 
orchestro/orche/addons/test/test_logger.py::mypy 
[gw1] [ 25%] PASSED orchestro/orche/addons/test/test_logger.py::mypy 
orchestro/orche/childs/orche.py::mypy 
[gw1] [ 26%] PASSED orchestro/orche/childs/orche.py::mypy 
orchestro/orche/childs/__init__.py::mypy 
[gw1] [ 28%] PASSED orchestro/orche/childs/__init__.py::mypy 
orchestro/orche/childs/child.py::mypy 
[gw1] [ 29%] PASSED orchestro/orche/childs/child.py::mypy 
orchestro/orche/childs/test/test_child.py::mypy 
[gw1] [ 30%] PASSED orchestro/orche/childs/test/test_child.py::mypy 
orchestro/orche/childs/person.py::mypy 
[gw1] [ 31%] PASSED orchestro/orche/childs/person.py::mypy 
orchestro/orche/childs/group.py::mypy 
[gw1] [ 32%] PASSED orchestro/orche/childs/group.py::mypy 
orchestro/orche/childs/system.py::mypy 
[gw2] [ 33%] PASSED orchestro/execution/test/__init__.py::mypy 
[gw1] [ 34%] PASSED orchestro/orche/childs/system.py::mypy 
orchestro/execution/config.py::mypy 
orchestro/orche/childs/subnet.py::mypy 
[gw0] [ 35%] PASSED orchestro/execution/test/test_crypts.py::mypy 
orchestro/execution/test/test_vault.py::mypy 
[gw1] [ 37%] PASSED orchestro/orche/childs/subnet.py::mypy 
orchestro/orche/childs/test/__init__.py::mypy 
[gw0] [ 38%] PASSED orchestro/execution/test/test_vault.py::mypy 
orchestro/inventory/__init__.py::mypy 
[gw0] [ 39%] PASSED orchestro/inventory/__init__.py::mypy 
orchestro/inventory/orche.py::mypy 
[gw0] [ 40%] PASSED orchestro/inventory/orche.py::mypy 
orchestro/execution/vault.py::mypy 
[gw0] [ 41%] PASSED orchestro/execution/vault.py::mypy 
orchestro/orche/childs/test/test_subnet.py::mypy 
[gw0] [ 42%] PASSED orchestro/orche/childs/test/test_subnet.py::mypy 
orchestro/orche/childs/test/test_system.py::mypy 
[gw0] [ 43%] PASSED orchestro/orche/childs/test/test_system.py::mypy 
orchestro/orche/params/common.py::mypy 
[gw3] [ 44%] PASSED orchestro/orche/addons/test/__init__.py::mypy 
orchestro/orche/addons/__init__.py::mypy 
[gw3] [ 46%] PASSED orchestro/orche/addons/__init__.py::mypy 
orchestro/orche/addons/logger.py::mypy 
[gw3] [ 47%] PASSED orchestro/orche/addons/logger.py::mypy 
orchestro/library/__init__.py::mypy 
[gw3] [ 48%] PASSED orchestro/library/__init__.py::mypy 
orchestro/orche/config.py::mypy 
[gw2] [ 49%] PASSED orchestro/execution/config.py::mypy 
orchestro/__init__.py::mypy-status 
[gw2] [ 50%] PASSED orchestro/__init__.py::mypy-status 
orchestro/orche/params/group.py::mypy 
[gw1] [ 51%] PASSED orchestro/orche/childs/test/__init__.py::mypy 
orchestro/orche/childs/test/test_group.py::mypy 
[gw2] [ 52%] PASSED orchestro/orche/params/group.py::mypy 
orchestro/orche/params/child.py::mypy 
[gw1] [ 53%] PASSED orchestro/orche/childs/test/test_group.py::mypy 
orchestro/orche/childs/test/test_orche.py::mypy 
[gw2] [ 55%] PASSED orchestro/orche/params/child.py::mypy 
orchestro/orche/test/test_config.py::mypy 
[gw2] [ 56%] PASSED orchestro/orche/test/test_config.py::mypy 
orchestro/orche/params/person.py::mypy 
[gw2] [ 57%] PASSED orchestro/orche/params/person.py::mypy 
orchestro/orche/params/orche.py::mypy 
[gw2] [ 58%] PASSED orchestro/orche/params/orche.py::mypy 
orchestro/orche/orche.py::mypy 
[gw2] [ 59%] PASSED orchestro/orche/orche.py::mypy 
orchestro/orche/params/subnet.py::mypy 
[gw0] [ 60%] PASSED orchestro/orche/params/common.py::mypy 
orchestro/orche/common.py::mypy 
[gw2] [ 61%] PASSED orchestro/orche/params/subnet.py::mypy 
orchestro/orche/models.py::mypy 
[gw0] [ 62%] PASSED orchestro/orche/common.py::mypy 
orchestro/orche/params/__init__.py::mypy 
[gw0] [ 64%] PASSED orchestro/orche/params/__init__.py::mypy 
orchestro/orche/test/test_models.py::mypy 
[gw3] [ 65%] PASSED orchestro/orche/config.py::mypy 
orchestro/orche/test/__init__.py::mypy 
[gw3] [ 66%] PASSED orchestro/orche/test/__init__.py::mypy 
orchestro/orche/params/system.py::mypy 
[gw3] [ 67%] PASSED orchestro/orche/params/system.py::mypy 
orchestro/roles/__init__.py::mypy 
[gw3] [ 68%] PASSED orchestro/roles/__init__.py::mypy 
orchestro/utils/param.py::mypy 
[gw3] [ 69%] PASSED orchestro/utils/param.py::mypy 
orchestro/utils/__init__.py::mypy 
[gw3] [ 70%] PASSED orchestro/utils/__init__.py::mypy 
orchestro/roles/enhomie/__init__.py::mypy 
[gw3] [ 71%] PASSED orchestro/roles/enhomie/__init__.py::mypy 
orchestro/roles/enhomie/action_plugins/enhomie_params.py::mypy 
[gw3] [ 73%] PASSED orchestro/roles/enhomie/action_plugins/enhomie_params.py::mypy 
orchestro/roles/enrobie/__init__.py::mypy 
[gw3] [ 74%] PASSED orchestro/roles/enrobie/__init__.py::mypy 
orchestro/utils/test/test_child.py::mypy 
[gw3] [ 75%] PASSED orchestro/utils/test/test_child.py::mypy 
orchestro/utils/child.py::mypy 
[gw3] [ 76%] PASSED orchestro/utils/child.py::mypy 
orchestro/roles/enhomie/action_plugins/__init__.py::mypy 
[gw0] [ 77%] PASSED orchestro/orche/test/test_models.py::mypy 
orchestro/roles/enrobie/action_plugins/__init__.py::mypy 
[gw0] [ 78%] PASSED orchestro/roles/enrobie/action_plugins/__init__.py::mypy 
orchestro/utils/test/test_param.py::mypy 
[gw0] [ 79%] PASSED orchestro/utils/test/test_param.py::mypy 
orchestro/orche/addons/test/test_logger.py::test_OrcheLogger_message 
[gw1] [ 80%] PASSED orchestro/orche/childs/test/test_orche.py::mypy 
orchestro/orche/childs/test/test_person.py::mypy 
[gw1] [ 82%] PASSED orchestro/orche/childs/test/test_person.py::mypy 
orchestro/orche/addons/test/test_logger.py::test_OrcheLogger 
[gw2] [ 83%] PASSED orchestro/orche/models.py::mypy 
orchestro/orche/test/test_orche.py::mypy 
[gw2] [ 84%] PASSED orchestro/orche/test/test_orche.py::mypy 
orchestro/roles/enrobie/action_plugins/enrobie_params.py::mypy 
[gw2] [ 85%] PASSED orchestro/roles/enrobie/action_plugins/enrobie_params.py::mypy 
orchestro/orche/childs/test/test_child.py::test_OrcheChild_cover 
[gw1] [ 86%] PASSED orchestro/orche/addons/test/test_logger.py::test_OrcheLogger 
orchestro/orche/test/test_config.py::test_OrcheConfig 
[gw3] [ 87%] PASSED orchestro/roles/enhomie/action_plugins/__init__.py::mypy 
[gw0] [ 88%] PASSED orchestro/orche/addons/test/test_logger.py::test_OrcheLogger_message 
orchestro/utils/test/__init__.py::mypy 
orchestro/orche/addons/test/test_logger.py::test_OrcheLogger_cover 
[gw3] [ 89%] PASSED orchestro/utils/test/__init__.py::mypy 
orchestro/execution/test/test_vault.py::test_arguments 
[gw3] [ 91%] PASSED orchestro/execution/test/test_vault.py::test_arguments 
orchestro/orche/childs/test/test_system.py::test_OrcheSystem_cover 
[gw2] [ 92%] PASSED orchestro/orche/childs/test/test_child.py::test_OrcheChild_cover 
orchestro/orche/childs/test/test_group.py::test_OrcheGroup_cover 
[gw1] [ 93%] PASSED orchestro/orche/test/test_config.py::test_OrcheConfig 
orchestro/orche/test/test_models.py::test_OrcheModels_cover 
[gw1] [ 94%] PASSED orchestro/orche/test/test_models.py::test_OrcheModels_cover 
[gw0] [ 95%] PASSED orchestro/orche/addons/test/test_logger.py::test_OrcheLogger_cover 
orchestro/execution/test/test_crypts.py::test_arguments 
[gw0] [ 96%] PASSED orchestro/execution/test/test_crypts.py::test_arguments 
[gw3] [ 97%] PASSED orchestro/orche/childs/test/test_system.py::test_OrcheSystem_cover 
orchestro/orche/childs/test/test_subnet.py::test_OrcheSubnet_cover 
[gw2] [ 98%] PASSED orchestro/orche/childs/test/test_group.py::test_OrcheGroup_cover 
[gw3] [100%] PASSED orchestro/orche/childs/test/test_subnet.py::test_OrcheSubnet_cover 
===================================== mypy =====================================

Success: no issues found in 68 source files
================================ tests coverage ================================
_______________ coverage: platform linux, python 3.12.10-final-0 _______________

Name                                                       Stmts   Miss  Cover
------------------------------------------------------------------------------
orchestro/__init__.py                                          6      0   100%
orchestro/actions/__init__.py                                  0      0   100%
orchestro/actions/overview.py                                 10      0   100%
orchestro/callbacks/__init__.py                                0      0   100%
orchestro/conftest.py                                         25      0   100%
orchestro/execution/__init__.py                                0      0   100%
orchestro/execution/config.py                                 15      0   100%
orchestro/execution/crypts.py                                 18      0   100%
orchestro/execution/test/__init__.py                           0      0   100%
orchestro/execution/test/test_config.py                        4      0   100%
orchestro/execution/test/test_crypts.py                        4      0   100%
orchestro/execution/test/test_vault.py                         4      0   100%
orchestro/execution/vault.py                                  15      0   100%
orchestro/filters/__init__.py                                  0      0   100%
orchestro/filters/common.py                                    3      0   100%
orchestro/inventory/__init__.py                                0      0   100%
orchestro/inventory/orche.py                                 122      0   100%
orchestro/inventory/test/__init__.py                           0      0   100%
orchestro/inventory/test/test_orche.py                        18      0   100%
orchestro/library/__init__.py                                  0      0   100%
orchestro/orche/__init__.py                                    3      0   100%
orchestro/orche/addons/__init__.py                             2      0   100%
orchestro/orche/addons/logger.py                              65      0   100%
orchestro/orche/addons/test/__init__.py                        0      0   100%
orchestro/orche/addons/test/test_logger.py                    39      0   100%
orchestro/orche/childs/__init__.py                             7      0   100%
orchestro/orche/childs/child.py                               64      0   100%
orchestro/orche/childs/group.py                               16      0   100%
orchestro/orche/childs/orche.py                              131      0   100%
orchestro/orche/childs/person.py                              20      0   100%
orchestro/orche/childs/subnet.py                              21      0   100%
orchestro/orche/childs/system.py                              20      0   100%
orchestro/orche/childs/test/__init__.py                        0      0   100%
orchestro/orche/childs/test/test_child.py                      8      0   100%
orchestro/orche/childs/test/test_group.py                     21      0   100%
orchestro/orche/childs/test/test_orche.py                     16      0   100%
orchestro/orche/childs/test/test_person.py                    22      0   100%
orchestro/orche/childs/test/test_subnet.py                    21      0   100%
orchestro/orche/childs/test/test_system.py                    22      0   100%
orchestro/orche/common.py                                      2      0   100%
orchestro/orche/config.py                                    101      0   100%
orchestro/orche/models.py                                     27      0   100%
orchestro/orche/orche.py                                      40      0   100%
orchestro/orche/params/__init__.py                             8      0   100%
orchestro/orche/params/child.py                               11      0   100%
orchestro/orche/params/common.py                               2      0   100%
orchestro/orche/params/group.py                               13      0   100%
orchestro/orche/params/orche.py                               17      0   100%
orchestro/orche/params/person.py                              13      0   100%
orchestro/orche/params/subnet.py                               8      0   100%
orchestro/orche/params/system.py                              14      0   100%
orchestro/orche/test/__init__.py                               2      0   100%
orchestro/orche/test/test_config.py                           20      0   100%
orchestro/orche/test/test_models.py                            9      0   100%
orchestro/orche/test/test_orche.py                            27      0   100%
orchestro/roles/__init__.py                                    0      0   100%
orchestro/roles/enhomie/__init__.py                            2      0   100%
orchestro/roles/enhomie/action_plugins/__init__.py             0      0   100%
orchestro/roles/enhomie/action_plugins/enhomie_params.py      22      0   100%
orchestro/roles/enrobie/__init__.py                            2      0   100%
orchestro/roles/enrobie/action_plugins/__init__.py             0      0   100%
orchestro/roles/enrobie/action_plugins/enrobie_params.py      22      0   100%
orchestro/utils/__init__.py                                    3      0   100%
orchestro/utils/child.py                                      18      0   100%
orchestro/utils/param.py                                      29      0   100%
orchestro/utils/test/__init__.py                               0      0   100%
orchestro/utils/test/test_child.py                            20      0   100%
orchestro/utils/test/test_param.py                            16      0   100%
------------------------------------------------------------------------------
TOTAL                                                       1190      0   100%
============================== 89 passed in 9.57s ==============================
    DONE
  ● Write coveragepy output to htmlcov..
    DONE
  ● Write coveragepy output to coverage.json..
    DONE
