>>> make pytest
  ● Executing pytest in orchestro..
============================= test session starts ==============================
platform linux -- Python 3.12.10, pytest-8.3.5, pluggy-1.6.0 -- /home/runner/work/orchestro/orchestro/main/.venv-package/bin/python3
cachedir: .pytest_cache
Using --randomly-seed=2527434168
rootdir: /home/runner/work/orchestro/orchestro/main
plugins: sphinx-0.6.3, clarity-1.0.1, xdist-3.7.0, mypy-1.0.1, cov-6.1.1, randomly-3.16.0
created: 4/4 workers
4 workers [80 items]

scheduling tests via LoadScheduling

orchestro/ansbtest/test_inventory.py::test_InventoryModule 
orchestro/__init__.py::mypy 
orchestro/orche/addons/test/test_logger.py::mypy 
orchestro/execution/crypts.py::mypy 
[gw0] [  1%] PASSED orchestro/ansbtest/test_inventory.py::test_InventoryModule 
orchestro/utils/test/test_param.py::test_InvalidParam 
[gw0] [  2%] PASSED orchestro/utils/test/test_param.py::test_InvalidParam 
orchestro/ansbtest/test_inventory.py::mypy 
[gw2] [  3%] PASSED orchestro/execution/crypts.py::mypy 
orchestro/execution/config.py::mypy 
[gw2] [  5%] PASSED orchestro/execution/config.py::mypy 
orchestro/execution/test/test_crypts.py::mypy 
[gw2] [  6%] PASSED orchestro/execution/test/test_crypts.py::mypy 
orchestro/execution/test/test_vault.py::mypy 
[gw2] [  7%] PASSED orchestro/execution/test/test_vault.py::mypy 
orchestro/filters/__init__.py::mypy 
[gw1] [  8%] PASSED orchestro/__init__.py::mypy 
[gw2] [ 10%] PASSED orchestro/filters/__init__.py::mypy 
orchestro/execution/test/test_config.py::mypy 
orchestro/inventory/__init__.py::mypy 
[gw1] [ 11%] PASSED orchestro/execution/test/test_config.py::mypy 
orchestro/execution/__init__.py::mypy 
[gw1] [ 12%] PASSED orchestro/execution/__init__.py::mypy 
orchestro/execution/test/__init__.py::mypy 
[gw1] [ 13%] PASSED orchestro/execution/test/__init__.py::mypy 
orchestro/conftest.py::mypy 
[gw1] [ 15%] PASSED orchestro/conftest.py::mypy 
orchestro/orche/addons/__init__.py::mypy 
[gw1] [ 16%] PASSED orchestro/orche/addons/__init__.py::mypy 
orchestro/orche/childs/test/test_child.py::mypy 
[gw1] [ 17%] PASSED orchestro/orche/childs/test/test_child.py::mypy 
orchestro/orche/childs/subnet.py::mypy 
[gw1] [ 18%] PASSED orchestro/orche/childs/subnet.py::mypy 
orchestro/orche/childs/orche.py::mypy 
[gw1] [ 20%] PASSED orchestro/orche/childs/orche.py::mypy 
orchestro/orche/childs/child.py::mypy 
[gw1] [ 21%] PASSED orchestro/orche/childs/child.py::mypy 
orchestro/orche/childs/system.py::mypy 
[gw1] [ 22%] PASSED orchestro/orche/childs/system.py::mypy 
orchestro/orche/childs/group.py::mypy 
[gw1] [ 23%] PASSED orchestro/orche/childs/group.py::mypy 
orchestro/orche/childs/__init__.py::mypy 
[gw3] [ 25%] PASSED orchestro/orche/addons/test/test_logger.py::mypy 
orchestro/orche/addons/logger.py::mypy 
[gw2] [ 26%] PASSED orchestro/inventory/__init__.py::mypy 
orchestro/lookups/__init__.py::mypy 
[gw2] [ 27%] PASSED orchestro/lookups/__init__.py::mypy 
orchestro/orche/addons/test/__init__.py::mypy 
[gw2] [ 28%] PASSED orchestro/orche/addons/test/__init__.py::mypy 
orchestro/execution/vault.py::mypy 
[gw2] [ 30%] PASSED orchestro/execution/vault.py::mypy 
orchestro/inventory/orche.py::mypy 
[gw2] [ 31%] PASSED orchestro/inventory/orche.py::mypy 
orchestro/orche/childs/test/test_person.py::mypy 
[gw2] [ 32%] PASSED orchestro/orche/childs/test/test_person.py::mypy 
orchestro/orche/childs/test/test_subnet.py::mypy 
[gw2] [ 33%] PASSED orchestro/orche/childs/test/test_subnet.py::mypy 
orchestro/orche/childs/test/test_system.py::mypy 
[gw2] [ 35%] PASSED orchestro/orche/childs/test/test_system.py::mypy 
orchestro/orche/params/system.py::mypy 
[gw2] [ 36%] PASSED orchestro/orche/params/system.py::mypy 
orchestro/orche/test/test_config.py::mypy 
[gw2] [ 37%] PASSED orchestro/orche/test/test_config.py::mypy 
orchestro/orche/config.py::mypy 
[gw1] [ 38%] PASSED orchestro/orche/childs/__init__.py::mypy 
orchestro/orche/childs/person.py::mypy 
[gw1] [ 40%] PASSED orchestro/orche/childs/person.py::mypy 
orchestro/orche/childs/test/__init__.py::mypy 
[gw1] [ 41%] PASSED orchestro/orche/childs/test/__init__.py::mypy 
orchestro/orche/childs/test/test_group.py::mypy 
[gw1] [ 42%] PASSED orchestro/orche/childs/test/test_group.py::mypy 
orchestro/orche/childs/test/test_orche.py::mypy 
[gw1] [ 43%] PASSED orchestro/orche/childs/test/test_orche.py::mypy 
orchestro/orche/test/__init__.py::mypy 
[gw1] [ 45%] PASSED orchestro/orche/test/__init__.py::mypy 
orchestro/orche/params/__init__.py::mypy 
[gw1] [ 46%] PASSED orchestro/orche/params/__init__.py::mypy 
orchestro/orche/params/orche.py::mypy 
[gw1] [ 47%] PASSED orchestro/orche/params/orche.py::mypy 
orchestro/orche/params/person.py::mypy 
[gw1] [ 48%] PASSED orchestro/orche/params/person.py::mypy 
orchestro/orche/params/group.py::mypy 
[gw1] [ 50%] PASSED orchestro/orche/params/group.py::mypy 
orchestro/orche/params/common.py::mypy 
[gw1] [ 51%] PASSED orchestro/orche/params/common.py::mypy 
orchestro/orche/orche.py::mypy 
[gw1] [ 52%] PASSED orchestro/orche/orche.py::mypy 
orchestro/orche/common.py::mypy 
[gw1] [ 53%] PASSED orchestro/orche/common.py::mypy 
orchestro/orche/params/subnet.py::mypy 
[gw0] [ 55%] PASSED orchestro/ansbtest/test_inventory.py::mypy 
orchestro/ansbtest/__init__.py::mypy 
[gw0] [ 56%] PASSED orchestro/ansbtest/__init__.py::mypy 
orchestro/__init__.py::mypy-status 
[gw0] [ 57%] PASSED orchestro/__init__.py::mypy-status 
orchestro/orche/test/test_models.py::mypy 
[gw0] [ 58%] PASSED orchestro/orche/test/test_models.py::mypy 
orchestro/orche/test/test_orche.py::mypy 
[gw0] [ 60%] PASSED orchestro/orche/test/test_orche.py::mypy 
orchestro/utils/test/test_child.py::mypy 
[gw0] [ 61%] PASSED orchestro/utils/test/test_child.py::mypy 
orchestro/utils/__init__.py::mypy 
[gw0] [ 62%] PASSED orchestro/utils/__init__.py::mypy 
orchestro/utils/test/__init__.py::mypy 
[gw0] [ 63%] PASSED orchestro/utils/test/__init__.py::mypy 
orchestro/utils/param.py::mypy 
[gw0] [ 65%] PASSED orchestro/utils/param.py::mypy 
orchestro/utils/child.py::mypy 
[gw0] [ 66%] PASSED orchestro/utils/child.py::mypy 
orchestro/utils/test/test_param.py::mypy 
[gw0] [ 67%] PASSED orchestro/utils/test/test_param.py::mypy 
orchestro/orche/childs/test/test_orche.py::test_OrcheChilds 
[gw3] [ 68%] PASSED orchestro/orche/addons/logger.py::mypy 
orchestro/orche/__init__.py::mypy 
[gw3] [ 70%] PASSED orchestro/orche/__init__.py::mypy 
orchestro/lookups/orche.py::mypy 
[gw3] [ 71%] PASSED orchestro/lookups/orche.py::mypy 
orchestro/filters/orche.py::mypy 
[gw3] [ 72%] PASSED orchestro/filters/orche.py::mypy 
orchestro/orche/test/test_models.py::test_OrcheModels_cover 
[gw3] [ 73%] PASSED orchestro/orche/test/test_models.py::test_OrcheModels_cover 
orchestro/orche/childs/test/test_group.py::test_OrcheGroup 
[gw2] [ 75%] PASSED orchestro/orche/config.py::mypy 
orchestro/orche/models.py::mypy 
[gw1] [ 76%] PASSED orchestro/orche/params/subnet.py::mypy 
[gw2] [ 77%] PASSED orchestro/orche/models.py::mypy 
orchestro/orche/params/child.py::mypy 
[gw1] [ 78%] PASSED orchestro/orche/params/child.py::mypy 
orchestro/orche/test/test_orche.py::test_Orche 
orchestro/orche/childs/test/test_person.py::test_OrchePerson 
[gw0] [ 80%] PASSED orchestro/orche/childs/test/test_orche.py::test_OrcheChilds 
orchestro/orche/childs/test/test_subnet.py::test_OrcheSubnet 
[gw3] [ 81%] PASSED orchestro/orche/childs/test/test_group.py::test_OrcheGroup 
orchestro/orche/test/test_orche.py::test_Orche_cover 
[gw3] [ 82%] PASSED orchestro/orche/test/test_orche.py::test_Orche_cover 
orchestro/execution/test/test_vault.py::test_arguments 
[gw3] [ 83%] PASSED orchestro/execution/test/test_vault.py::test_arguments 
orchestro/execution/test/test_crypts.py::test_arguments 
[gw3] [ 85%] PASSED orchestro/execution/test/test_crypts.py::test_arguments 
orchestro/orche/addons/test/test_logger.py::test_OrcheLogger_cover 
[gw1] [ 86%] PASSED orchestro/orche/childs/test/test_person.py::test_OrchePerson 
[gw2] [ 87%] PASSED orchestro/orche/test/test_orche.py::test_Orche 
orchestro/utils/test/test_child.py::test_InvalidChild_cover 
orchestro/orche/childs/test/test_child.py::test_OrcheChild_cover 
[gw0] [ 88%] PASSED orchestro/orche/childs/test/test_subnet.py::test_OrcheSubnet 
orchestro/utils/test/test_child.py::test_InvalidChild 
[gw0] [ 90%] PASSED orchestro/utils/test/test_child.py::test_InvalidChild 
orchestro/orche/childs/test/test_system.py::test_OrcheSystem 
[gw3] [ 91%] PASSED orchestro/orche/addons/test/test_logger.py::test_OrcheLogger_cover 
orchestro/orche/addons/test/test_logger.py::test_OrcheLogger_message 
[gw1] [ 92%] PASSED orchestro/utils/test/test_child.py::test_InvalidChild_cover 
[gw2] [ 93%] PASSED orchestro/orche/childs/test/test_child.py::test_OrcheChild_cover 
orchestro/orche/addons/test/test_logger.py::test_OrcheLogger 
orchestro/orche/test/test_config.py::test_OrcheConfig 
[gw0] [ 95%] PASSED orchestro/orche/childs/test/test_system.py::test_OrcheSystem 
orchestro/execution/test/test_config.py::test_arguments 
[gw0] [ 96%] PASSED orchestro/execution/test/test_config.py::test_arguments 
[gw3] [ 97%] PASSED orchestro/orche/addons/test/test_logger.py::test_OrcheLogger_message 
[gw1] [ 98%] PASSED orchestro/orche/addons/test/test_logger.py::test_OrcheLogger 
[gw2] [100%] PASSED orchestro/orche/test/test_config.py::test_OrcheConfig 
===================================== mypy =====================================

Success: no issues found in 59 source files
================================ tests coverage ================================
_______________ coverage: platform linux, python 3.12.10-final-0 _______________

Name                                         Stmts   Miss  Cover
----------------------------------------------------------------
orchestro/__init__.py                            6      0   100%
orchestro/ansbtest/__init__.py                   0      0   100%
orchestro/ansbtest/test_inventory.py            18      0   100%
orchestro/conftest.py                           25      0   100%
orchestro/execution/__init__.py                  0      0   100%
orchestro/execution/config.py                   15      0   100%
orchestro/execution/crypts.py                   18      0   100%
orchestro/execution/test/__init__.py             0      0   100%
orchestro/execution/test/test_config.py          4      0   100%
orchestro/execution/test/test_crypts.py          4      0   100%
orchestro/execution/test/test_vault.py           4      0   100%
orchestro/execution/vault.py                    15      0   100%
orchestro/filters/__init__.py                    0      0   100%
orchestro/filters/orche.py                       3      0   100%
orchestro/inventory/__init__.py                  0      0   100%
orchestro/inventory/orche.py                   129      0   100%
orchestro/lookups/__init__.py                    0      0   100%
orchestro/lookups/orche.py                       9      0   100%
orchestro/orche/__init__.py                      3      0   100%
orchestro/orche/addons/__init__.py               2      0   100%
orchestro/orche/addons/logger.py                65      0   100%
orchestro/orche/addons/test/__init__.py          0      0   100%
orchestro/orche/addons/test/test_logger.py      39      0   100%
orchestro/orche/childs/__init__.py               7      0   100%
orchestro/orche/childs/child.py                 71      0   100%
orchestro/orche/childs/group.py                 29      0   100%
orchestro/orche/childs/orche.py                131      0   100%
orchestro/orche/childs/person.py                48      0   100%
orchestro/orche/childs/subnet.py                21      0   100%
orchestro/orche/childs/system.py                40      0   100%
orchestro/orche/childs/test/__init__.py          0      0   100%
orchestro/orche/childs/test/test_child.py        8      0   100%
orchestro/orche/childs/test/test_group.py       24      0   100%
orchestro/orche/childs/test/test_orche.py       16      0   100%
orchestro/orche/childs/test/test_person.py      26      0   100%
orchestro/orche/childs/test/test_subnet.py      22      0   100%
orchestro/orche/childs/test/test_system.py      26      0   100%
orchestro/orche/common.py                        2      0   100%
orchestro/orche/config.py                      102      0   100%
orchestro/orche/models.py                       27      0   100%
orchestro/orche/orche.py                        40      0   100%
orchestro/orche/params/__init__.py               8      0   100%
orchestro/orche/params/child.py                 11      0   100%
orchestro/orche/params/common.py                 2      0   100%
orchestro/orche/params/group.py                 13      0   100%
orchestro/orche/params/orche.py                 17      0   100%
orchestro/orche/params/person.py                13      0   100%
orchestro/orche/params/subnet.py                 8      0   100%
orchestro/orche/params/system.py                14      0   100%
orchestro/orche/test/__init__.py                 2      0   100%
orchestro/orche/test/test_config.py             20      0   100%
orchestro/orche/test/test_models.py              9      0   100%
orchestro/orche/test/test_orche.py              27      0   100%
orchestro/utils/__init__.py                      3      0   100%
orchestro/utils/child.py                        18      0   100%
orchestro/utils/param.py                        29      0   100%
orchestro/utils/test/__init__.py                 0      0   100%
orchestro/utils/test/test_child.py              20      0   100%
orchestro/utils/test/test_param.py              16      0   100%
----------------------------------------------------------------
TOTAL                                         1229      0   100%
============================== 80 passed in 9.29s ==============================
    DONE
  ● Write coveragepy output to htmlcov..
    DONE
  ● Write coveragepy output to coverage.json..
    DONE
