>>> make pytest
  ● Executing pytest in orchestro..
============================= test session starts ==============================
platform linux -- Python 3.12.10, pytest-8.3.5, pluggy-1.5.0 -- /home/runner/work/orchestro/orchestro/main/.venv-package/bin/python3
cachedir: .pytest_cache
Using --randomly-seed=962305787
ansible: 2.18.5
rootdir: /home/runner/work/orchestro/orchestro/main
configfile: setup.cfg
plugins: xdist-3.6.1, randomly-3.16.0, clarity-1.0.1, mypy-1.0.1, cov-6.1.1, ansible-25.4.1, sphinx-0.6.3, testinfra-6.0.0
created: 4/4 workers
4 workers [86 items]

scheduling tests via LoadScheduling

orchestro/execution/__init__.py::mypy 
orchestro/execution/config.py::mypy 
orchestro/orche/addons/test/test_logger.py::mypy 
orchestro/execution/vault.py::mypy 
[gw0] [  1%] PASSED orchestro/execution/__init__.py::mypy 
orchestro/__init__.py::mypy-status 
[gw0] [  2%] PASSED orchestro/__init__.py::mypy-status 
orchestro/execution/test/__init__.py::mypy 
[gw0] [  3%] PASSED orchestro/execution/test/__init__.py::mypy 
orchestro/execution/crypts.py::mypy 
[gw0] [  4%] PASSED orchestro/execution/crypts.py::mypy 
orchestro/execution/test/test_config.py::mypy 
[gw0] [  5%] PASSED orchestro/execution/test/test_config.py::mypy 
orchestro/orche/childs/test/__init__.py::mypy 
[gw0] [  6%] PASSED orchestro/orche/childs/test/__init__.py::mypy 
orchestro/orche/childs/person.py::mypy 
[gw0] [  8%] PASSED orchestro/orche/childs/person.py::mypy 
orchestro/orche/childs/test/test_child.py::mypy 
[gw0] [  9%] PASSED orchestro/orche/childs/test/test_child.py::mypy 
orchestro/orche/childs/group.py::mypy 
[gw0] [ 10%] PASSED orchestro/orche/childs/group.py::mypy 
orchestro/orche/childs/child.py::mypy 
[gw1] [ 11%] PASSED orchestro/execution/config.py::mypy 
[gw0] [ 12%] PASSED orchestro/orche/childs/child.py::mypy 
orchestro/__init__.py::mypy 
orchestro/orche/childs/system.py::mypy 
[gw1] [ 13%] PASSED orchestro/__init__.py::mypy 
orchestro/conftest.py::mypy 
[gw1] [ 15%] PASSED orchestro/conftest.py::mypy 
orchestro/execution/test/test_crypts.py::mypy 
[gw1] [ 16%] PASSED orchestro/execution/test/test_crypts.py::mypy 
orchestro/execution/test/test_vault.py::mypy 
[gw1] [ 17%] PASSED orchestro/execution/test/test_vault.py::mypy 
orchestro/orche/childs/test/test_orche.py::mypy 
[gw1] [ 18%] PASSED orchestro/orche/childs/test/test_orche.py::mypy 
orchestro/orche/childs/test/test_person.py::mypy 
[gw1] [ 19%] PASSED orchestro/orche/childs/test/test_person.py::mypy 
orchestro/orche/childs/test/test_subnet.py::mypy 
[gw1] [ 20%] PASSED orchestro/orche/childs/test/test_subnet.py::mypy 
orchestro/orche/childs/test/test_system.py::mypy 
[gw1] [ 22%] PASSED orchestro/orche/childs/test/test_system.py::mypy 
orchestro/orche/params/person.py::mypy 
[gw1] [ 23%] PASSED orchestro/orche/params/person.py::mypy 
orchestro/orche/params/subnet.py::mypy 
[gw1] [ 24%] PASSED orchestro/orche/params/subnet.py::mypy 
orchestro/orche/params/child.py::mypy 
[gw3] [ 25%] PASSED orchestro/orche/addons/test/test_logger.py::mypy 
orchestro/orche/__init__.py::mypy 
[gw2] [ 26%] PASSED orchestro/execution/vault.py::mypy 
orchestro/inventory/__init__.py::mypy 
[gw3] [ 27%] PASSED orchestro/orche/__init__.py::mypy 
orchestro/orche/addons/__init__.py::mypy 
[gw2] [ 29%] PASSED orchestro/inventory/__init__.py::mypy 
orchestro/inventory/orche.py::mypy 
[gw3] [ 30%] PASSED orchestro/orche/addons/__init__.py::mypy 
orchestro/orche/addons/logger.py::mypy 
[gw2] [ 31%] PASSED orchestro/inventory/orche.py::mypy 
orchestro/inventory/test/test_orche.py::mypy 
[gw3] [ 32%] PASSED orchestro/orche/addons/logger.py::mypy 
orchestro/orche/addons/test/__init__.py::mypy 
[gw2] [ 33%] PASSED orchestro/inventory/test/test_orche.py::mypy 
orchestro/inventory/test/__init__.py::mypy 
[gw3] [ 34%] PASSED orchestro/orche/addons/test/__init__.py::mypy 
orchestro/orche/test/test_config.py::mypy 
[gw2] [ 36%] PASSED orchestro/inventory/test/__init__.py::mypy 
orchestro/orche/params/orche.py::mypy 
[gw3] [ 37%] PASSED orchestro/orche/test/test_config.py::mypy 
orchestro/orche/params/__init__.py::mypy 
[gw2] [ 38%] PASSED orchestro/orche/params/orche.py::mypy 
orchestro/orche/config.py::mypy 
[gw3] [ 39%] PASSED orchestro/orche/params/__init__.py::mypy 
orchestro/orche/test/__init__.py::mypy 
[gw2] [ 40%] PASSED orchestro/orche/config.py::mypy 
orchestro/orche/common.py::mypy 
[gw3] [ 41%] PASSED orchestro/orche/test/__init__.py::mypy 
orchestro/orche/params/system.py::mypy 
[gw2] [ 43%] PASSED orchestro/orche/common.py::mypy 
orchestro/orche/models.py::mypy 
[gw3] [ 44%] PASSED orchestro/orche/params/system.py::mypy 
orchestro/orche/orche.py::mypy 
[gw2] [ 45%] PASSED orchestro/orche/models.py::mypy 
orchestro/roles/enrobie/action_plugins/__init__.py::mypy 
[gw3] [ 46%] PASSED orchestro/orche/orche.py::mypy 
orchestro/orche/test/test_models.py::mypy 
[gw2] [ 47%] PASSED orchestro/roles/enrobie/action_plugins/__init__.py::mypy 
orchestro/roles/enrobie/__init__.py::mypy 
[gw2] [ 48%] PASSED orchestro/roles/enrobie/__init__.py::mypy 
orchestro/roles/sslca/action_plugins/__init__.py::mypy 
[gw0] [ 50%] PASSED orchestro/orche/childs/system.py::mypy 
orchestro/orche/childs/subnet.py::mypy 
[gw2] [ 51%] PASSED orchestro/roles/sslca/action_plugins/__init__.py::mypy 
orchestro/roles/sslca/__init__.py::mypy 
[gw2] [ 52%] PASSED orchestro/roles/sslca/__init__.py::mypy 
orchestro/utils/param.py::mypy 
[gw2] [ 53%] PASSED orchestro/utils/param.py::mypy 
orchestro/roles/enhomie/__init__.py::mypy 
[gw2] [ 54%] PASSED orchestro/roles/enhomie/__init__.py::mypy 
orchestro/utils/__init__.py::mypy 
[gw2] [ 55%] PASSED orchestro/utils/__init__.py::mypy 
orchestro/roles/sslca/action_plugins/sslca_params.py::mypy 
[gw2] [ 56%] PASSED orchestro/roles/sslca/action_plugins/sslca_params.py::mypy 
orchestro/roles/enhomie/action_plugins/__init__.py::mypy 
[gw2] [ 58%] PASSED orchestro/roles/enhomie/action_plugins/__init__.py::mypy 
orchestro/utils/test/test_child.py::mypy 
[gw2] [ 59%] PASSED orchestro/utils/test/test_child.py::mypy 
orchestro/roles/enrobie/action_plugins/enrobie_params.py::mypy 
[gw2] [ 60%] PASSED orchestro/roles/enrobie/action_plugins/enrobie_params.py::mypy 
orchestro/roles/__init__.py::mypy 
[gw3] [ 61%] PASSED orchestro/orche/test/test_models.py::mypy 
orchestro/orche/test/test_orche.py::mypy 
[gw2] [ 62%] PASSED orchestro/roles/__init__.py::mypy 
orchestro/utils/child.py::mypy 
[gw3] [ 63%] PASSED orchestro/orche/test/test_orche.py::mypy 
orchestro/utils/test/__init__.py::mypy 
[gw2] [ 65%] PASSED orchestro/utils/child.py::mypy 
orchestro/roles/enhomie/action_plugins/enhomie_params.py::mypy 
[gw3] [ 66%] PASSED orchestro/utils/test/__init__.py::mypy 
orchestro/utils/test/test_param.py::mypy 
[gw2] [ 67%] PASSED orchestro/roles/enhomie/action_plugins/enhomie_params.py::mypy 
orchestro/orche/childs/test/test_subnet.py::test_OrcheSubnet 
[gw1] [ 68%] PASSED orchestro/orche/params/child.py::mypy 
orchestro/orche/params/common.py::mypy 
[gw1] [ 69%] PASSED orchestro/orche/params/common.py::mypy 
orchestro/orche/params/group.py::mypy 
[gw1] [ 70%] PASSED orchestro/orche/params/group.py::mypy 
orchestro/orche/test/test_orche.py::test_Orche_cover 
[gw0] [ 72%] PASSED orchestro/orche/childs/subnet.py::mypy 
orchestro/orche/childs/orche.py::mypy 
[gw1] [ 73%] PASSED orchestro/orche/test/test_orche.py::test_Orche_cover 
[gw0] [ 74%] PASSED orchestro/orche/childs/orche.py::mypy 
orchestro/execution/test/test_vault.py::test_arguments 
orchestro/orche/childs/__init__.py::mypy 
[gw1] [ 75%] PASSED orchestro/execution/test/test_vault.py::test_arguments 
orchestro/execution/test/test_crypts.py::test_arguments 
[gw0] [ 76%] PASSED orchestro/orche/childs/__init__.py::mypy 
[gw1] [ 77%] PASSED orchestro/execution/test/test_crypts.py::test_arguments 
orchestro/orche/childs/test/test_group.py::mypy 
orchestro/orche/childs/test/test_orche.py::test_OrcheChilds 
[gw0] [ 79%] PASSED orchestro/orche/childs/test/test_group.py::mypy 
orchestro/orche/childs/test/test_group.py::test_OrcheGroup 
[gw2] [ 80%] PASSED orchestro/orche/childs/test/test_subnet.py::test_OrcheSubnet 
orchestro/orche/test/test_orche.py::test_Orche 
[gw3] [ 81%] PASSED orchestro/utils/test/test_param.py::mypy 
orchestro/execution/test/test_config.py::test_arguments 
[gw3] [ 82%] PASSED orchestro/execution/test/test_config.py::test_arguments 
orchestro/orche/test/test_config.py::test_OrcheConfig 
[gw1] [ 83%] PASSED orchestro/orche/childs/test/test_orche.py::test_OrcheChilds 
orchestro/utils/test/test_param.py::test_InvalidParam 
[gw0] [ 84%] PASSED orchestro/orche/childs/test/test_group.py::test_OrcheGroup 
orchestro/orche/childs/test/test_child.py::test_OrcheChild_cover 
[gw2] [ 86%] PASSED orchestro/orche/test/test_orche.py::test_Orche 
orchestro/inventory/test/test_orche.py::test_InventoryModule 
[gw3] [ 87%] PASSED orchestro/orche/test/test_config.py::test_OrcheConfig 
orchestro/orche/childs/test/test_person.py::test_OrchePerson 
[gw1] [ 88%] PASSED orchestro/utils/test/test_param.py::test_InvalidParam 
orchestro/utils/test/test_child.py::test_InvalidChild_cover 
[gw0] [ 89%] PASSED orchestro/orche/childs/test/test_child.py::test_OrcheChild_cover 
orchestro/utils/test/test_child.py::test_InvalidChild 
[gw0] [ 90%] PASSED orchestro/utils/test/test_child.py::test_InvalidChild 
orchestro/orche/addons/test/test_logger.py::test_OrcheLogger 
[gw3] [ 91%] PASSED orchestro/orche/childs/test/test_person.py::test_OrchePerson 
orchestro/orche/addons/test/test_logger.py::test_OrcheLogger_cover 
[gw1] [ 93%] PASSED orchestro/utils/test/test_child.py::test_InvalidChild_cover 
orchestro/orche/addons/test/test_logger.py::test_OrcheLogger_message 
[gw0] [ 94%] PASSED orchestro/orche/addons/test/test_logger.py::test_OrcheLogger 
orchestro/orche/childs/test/test_system.py::test_OrcheSystem 
[gw3] [ 95%] PASSED orchestro/orche/addons/test/test_logger.py::test_OrcheLogger_cover 
[gw1] [ 96%] PASSED orchestro/orche/addons/test/test_logger.py::test_OrcheLogger_message 
[gw0] [ 97%] PASSED orchestro/orche/childs/test/test_system.py::test_OrcheSystem 
[gw2] [ 98%] PASSED orchestro/inventory/test/test_orche.py::test_InventoryModule 
orchestro/orche/test/test_models.py::test_OrcheModels_cover 
[gw2] [100%] PASSED orchestro/orche/test/test_models.py::test_OrcheModels_cover 
===================================== mypy =====================================

Success: no issues found in 65 source files
================================ tests coverage ================================
_______________ coverage: platform linux, python 3.12.10-final-0 _______________

Name                                                       Stmts   Miss  Cover
------------------------------------------------------------------------------
orchestro/__init__.py                                          6      0   100%
orchestro/conftest.py                                         25      0   100%
orchestro/execution/__init__.py                                0      0   100%
orchestro/execution/config.py                                 15      0   100%
orchestro/execution/crypts.py                                 18      0   100%
orchestro/execution/test/__init__.py                           0      0   100%
orchestro/execution/test/test_config.py                        4      0   100%
orchestro/execution/test/test_crypts.py                        4      0   100%
orchestro/execution/test/test_vault.py                         4      0   100%
orchestro/execution/vault.py                                  15      0   100%
orchestro/inventory/__init__.py                                0      0   100%
orchestro/inventory/orche.py                                 123      0   100%
orchestro/inventory/test/__init__.py                           0      0   100%
orchestro/inventory/test/test_orche.py                        18      0   100%
orchestro/orche/__init__.py                                    3      0   100%
orchestro/orche/addons/__init__.py                             2      0   100%
orchestro/orche/addons/logger.py                              65      0   100%
orchestro/orche/addons/test/__init__.py                        0      0   100%
orchestro/orche/addons/test/test_logger.py                    39      0   100%
orchestro/orche/childs/__init__.py                             7      0   100%
orchestro/orche/childs/child.py                               69      0   100%
orchestro/orche/childs/group.py                               25      0   100%
orchestro/orche/childs/orche.py                              131      0   100%
orchestro/orche/childs/person.py                              43      0   100%
orchestro/orche/childs/subnet.py                              21      0   100%
orchestro/orche/childs/system.py                              36      0   100%
orchestro/orche/childs/test/__init__.py                        0      0   100%
orchestro/orche/childs/test/test_child.py                      8      0   100%
orchestro/orche/childs/test/test_group.py                     24      0   100%
orchestro/orche/childs/test/test_orche.py                     16      0   100%
orchestro/orche/childs/test/test_person.py                    26      0   100%
orchestro/orche/childs/test/test_subnet.py                    22      0   100%
orchestro/orche/childs/test/test_system.py                    26      0   100%
orchestro/orche/common.py                                      2      0   100%
orchestro/orche/config.py                                    102      0   100%
orchestro/orche/models.py                                     27      0   100%
orchestro/orche/orche.py                                      40      0   100%
orchestro/orche/params/__init__.py                             8      0   100%
orchestro/orche/params/child.py                               11      0   100%
orchestro/orche/params/common.py                               2      0   100%
orchestro/orche/params/group.py                               13      0   100%
orchestro/orche/params/orche.py                               17      0   100%
orchestro/orche/params/person.py                              13      0   100%
orchestro/orche/params/subnet.py                               8      0   100%
orchestro/orche/params/system.py                              14      0   100%
orchestro/orche/test/__init__.py                               2      0   100%
orchestro/orche/test/test_config.py                           20      0   100%
orchestro/orche/test/test_models.py                            9      0   100%
orchestro/orche/test/test_orche.py                            27      0   100%
orchestro/roles/__init__.py                                    0      0   100%
orchestro/roles/enhomie/__init__.py                            2      0   100%
orchestro/roles/enhomie/action_plugins/__init__.py             0      0   100%
orchestro/roles/enhomie/action_plugins/enhomie_params.py      22      0   100%
orchestro/roles/enrobie/__init__.py                            2      0   100%
orchestro/roles/enrobie/action_plugins/__init__.py             0      0   100%
orchestro/roles/enrobie/action_plugins/enrobie_params.py      22      0   100%
orchestro/roles/sslca/__init__.py                              2      0   100%
orchestro/roles/sslca/action_plugins/__init__.py               0      0   100%
orchestro/roles/sslca/action_plugins/sslca_params.py          42      0   100%
orchestro/utils/__init__.py                                    3      0   100%
orchestro/utils/child.py                                      18      0   100%
orchestro/utils/param.py                                      29      0   100%
orchestro/utils/test/__init__.py                               0      0   100%
orchestro/utils/test/test_child.py                            20      0   100%
orchestro/utils/test/test_param.py                            16      0   100%
------------------------------------------------------------------------------
TOTAL                                                       1288      0   100%
============================= 86 passed in 10.30s ==============================
    DONE
  ● Executing pytest in collections..
============================= test session starts ==============================
platform linux -- Python 3.12.10, pytest-8.3.5, pluggy-1.5.0 -- /home/runner/work/orchestro/orchestro/main/.venv-package/bin/python3
cachedir: .pytest_cache
Using --randomly-seed=1468253347
ansible: 2.18.5
rootdir: /home/runner/work/orchestro/orchestro/main
configfile: setup.cfg
plugins: xdist-3.6.1, randomly-3.16.0, clarity-1.0.1, mypy-1.0.1, cov-6.1.1, ansible-25.4.1, sphinx-0.6.3, testinfra-6.0.0
created: 4/4 workers
4 workers [17 items]

scheduling tests via LoadScheduling

collections/ansible_collections/enasisnetwork/common/tests/unit/filter/test_override.py::test_basename_raises 
collections/ansible_collections/enasisnetwork/common/tests/integration/test_common.py::mypy 
collections/ansible_collections/enasisnetwork/common/tests/integration/__init__.py::mypy 
collections/ansible_collections/enasisnetwork/common/plugins/__init__.py::mypy 
[gw0] [  5%] PASSED collections/ansible_collections/enasisnetwork/common/tests/unit/filter/test_override.py::test_basename_raises 
collections/ansible_collections/enasisnetwork/common/tests/unit/filter/test_override.py::test_basename 
[gw0] [ 11%] PASSED collections/ansible_collections/enasisnetwork/common/tests/unit/filter/test_override.py::test_basename 
collections/ansible_collections/enasisnetwork/common/__init__.py::mypy 
[gw2] [ 17%] PASSED collections/ansible_collections/enasisnetwork/common/plugins/__init__.py::mypy 
collections/ansible_collections/enasisnetwork/common/plugins/action/__init__.py::mypy 
[gw2] [ 23%] PASSED collections/ansible_collections/enasisnetwork/common/plugins/action/__init__.py::mypy 
collections/ansible_collections/enasisnetwork/common/tests/__init__.py::mypy 
[gw2] [ 29%] PASSED collections/ansible_collections/enasisnetwork/common/tests/__init__.py::mypy 
collections/ansible_collections/enasisnetwork/common/plugins/action/overview.py::mypy 
[gw2] [ 35%] PASSED collections/ansible_collections/enasisnetwork/common/plugins/action/overview.py::mypy 
collections/ansible_collections/enasisnetwork/common/plugins/filter/common.py::mypy 
[gw2] [ 41%] PASSED collections/ansible_collections/enasisnetwork/common/plugins/filter/common.py::mypy 
collections/ansible_collections/enasisnetwork/common/tests/unit/filter/__init__.py::mypy 
[gw2] [ 47%] PASSED collections/ansible_collections/enasisnetwork/common/tests/unit/filter/__init__.py::mypy 
collections/ansible_collections/enasisnetwork/common/tests/unit/filter/test_override.py::mypy 
[gw2] [ 52%] PASSED collections/ansible_collections/enasisnetwork/common/tests/unit/filter/test_override.py::mypy 
collections/ansible_collections/enasisnetwork/common/tests/unit/__init__.py::mypy 
[gw2] [ 58%] PASSED collections/ansible_collections/enasisnetwork/common/tests/unit/__init__.py::mypy 
collections/ansible_collections/enasisnetwork/common/tests/integration/test_common.py::test_common[common-default] 
[gw3] [ 64%] PASSED collections/ansible_collections/enasisnetwork/common/tests/integration/__init__.py::mypy 
[gw1] [ 70%] PASSED collections/ansible_collections/enasisnetwork/common/tests/integration/test_common.py::mypy 
collections/ansible_collections/enasisnetwork/common/plugins/filter/__init__.py::mypy 
collections/ansible_collections/enasisnetwork/common/plugins/filter/override.py::mypy 
[gw3] [ 76%] PASSED collections/ansible_collections/enasisnetwork/common/plugins/filter/__init__.py::mypy 
[gw0] [ 82%] PASSED collections/ansible_collections/enasisnetwork/common/__init__.py::mypy 
collections/ansible_collections/enasisnetwork/common/__init__.py::mypy-status 
[gw0] [ 88%] PASSED collections/ansible_collections/enasisnetwork/common/__init__.py::mypy-status 
[gw1] [ 94%] PASSED collections/ansible_collections/enasisnetwork/common/plugins/filter/override.py::mypy 
[gw2] [100%] PASSED collections/ansible_collections/enasisnetwork/common/tests/integration/test_common.py::test_common[common-default] 
===================================== mypy =====================================

Success: no issues found in 13 source files
============================= 17 passed in 47.14s ==============================
    DONE
  ● Write coveragepy output to htmlcov..
    DONE
  ● Write coveragepy output to coverage.json..
    DONE
