>>> make pytest
  ● Executing pytest in orchestro..
============================= test session starts ==============================
platform linux -- Python 3.12.11, pytest-8.4.2, pluggy-1.6.0 -- /home/runner/work/orchestro/orchestro/main/.venv-package/bin/python3
cachedir: .pytest_cache
Using --randomly-seed=942023634
rootdir: /home/runner/work/orchestro/orchestro/main
plugins: randomly-4.0.1, sphinx-0.6.3, cov-7.0.0, clarity-1.0.1, xdist-3.8.0, mypy-1.0.1
created: 4/4 workers
4 workers [21 items]

scheduling tests via LoadScheduling

orchestro/orche/addons/test/test_logger.py::test_OrcheLogger_cover 
orchestro/orche/childs/test/test_system.py::test_OrcheSystem 
orchestro/orche/addons/test/test_logger.py::test_OrcheLogger_message 
orchestro/execution/test/test_crypts.py::test_arguments 
[gw3] [  4%] PASSED orchestro/execution/test/test_crypts.py::test_arguments 
orchestro/orche/childs/test/test_group.py::test_OrcheGroup 
[gw0] [  9%] PASSED orchestro/orche/addons/test/test_logger.py::test_OrcheLogger_cover 
[gw2] [ 14%] PASSED orchestro/orche/childs/test/test_system.py::test_OrcheSystem 
orchestro/orche/addons/test/test_logger.py::test_OrcheLogger 
orchestro/utils/test/test_param.py::test_InvalidParam 
[gw1] [ 19%] PASSED orchestro/orche/addons/test/test_logger.py::test_OrcheLogger_message 
orchestro/orche/childs/test/test_child.py::test_OrcheChild_cover 
[gw3] [ 23%] PASSED orchestro/orche/childs/test/test_group.py::test_OrcheGroup 
orchestro/orche/childs/test/test_subnet.py::test_OrcheSubnet 
[gw0] [ 28%] PASSED orchestro/orche/addons/test/test_logger.py::test_OrcheLogger 
orchestro/execution/test/test_vault.py::test_arguments 
[gw2] [ 33%] PASSED orchestro/utils/test/test_param.py::test_InvalidParam 
[gw0] [ 38%] PASSED orchestro/execution/test/test_vault.py::test_arguments 
orchestro/orche/test/test_models.py::test_OrcheModels_cover 
orchestro/orche/test/test_orche.py::test_Orche_cover 
[gw2] [ 42%] PASSED orchestro/orche/test/test_models.py::test_OrcheModels_cover 
[gw1] [ 47%] PASSED orchestro/orche/childs/test/test_child.py::test_OrcheChild_cover 
[gw3] [ 52%] PASSED orchestro/orche/childs/test/test_subnet.py::test_OrcheSubnet 
[gw0] [ 57%] PASSED orchestro/orche/test/test_orche.py::test_Orche_cover 
orchestro/orche/test/test_config.py::test_OrcheConfig 
orchestro/orche/test/test_orche.py::test_Orche_jinja2 
orchestro/utils/test/test_child.py::test_InvalidChild 
orchestro/orche/test/test_orche.py::test_Orche 
[gw0] [ 61%] PASSED orchestro/utils/test/test_child.py::test_InvalidChild 
orchestro/orche/childs/test/test_orche.py::test_OrcheChilds 
[gw1] [ 66%] PASSED orchestro/orche/test/test_orche.py::test_Orche_jinja2 
[gw0] [ 71%] PASSED orchestro/orche/childs/test/test_orche.py::test_OrcheChilds 
orchestro/orche/childs/test/test_person.py::test_OrchePerson 
orchestro/execution/test/test_config.py::test_arguments 
[gw0] [ 76%] PASSED orchestro/execution/test/test_config.py::test_arguments 
[gw2] [ 80%] PASSED orchestro/orche/test/test_config.py::test_OrcheConfig 
orchestro/utils/test/test_child.py::test_InvalidChild_cover 
[gw3] [ 85%] PASSED orchestro/orche/test/test_orche.py::test_Orche 
orchestro/ansbtest/test_inventory.py::test_InventoryModule 
[gw1] [ 90%] PASSED orchestro/orche/childs/test/test_person.py::test_OrchePerson 
[gw2] [ 95%] PASSED orchestro/utils/test/test_child.py::test_InvalidChild_cover 
[gw3] [100%] PASSED orchestro/ansbtest/test_inventory.py::test_InventoryModule 

================================ tests coverage ================================
_______________ coverage: platform linux, python 3.12.11-final-0 _______________

Name                                         Stmts   Miss  Cover
----------------------------------------------------------------
orchestro/__init__.py                            6      0   100%
orchestro/ansbtest/__init__.py                   0      0   100%
orchestro/ansbtest/test_inventory.py            18      0   100%
orchestro/conftest.py                           25      0   100%
orchestro/execution/__init__.py                  0      0   100%
orchestro/execution/config.py                   15      0   100%
orchestro/execution/crypts.py                   18      0   100%
orchestro/execution/test/__init__.py             0      0   100%
orchestro/execution/test/test_config.py          4      0   100%
orchestro/execution/test/test_crypts.py          4      0   100%
orchestro/execution/test/test_vault.py           4      0   100%
orchestro/execution/vault.py                    15      0   100%
orchestro/filters/__init__.py                    0      0   100%
orchestro/filters/orche.py                       3      0   100%
orchestro/inventory/__init__.py                  0      0   100%
orchestro/inventory/orche.py                   131      0   100%
orchestro/lookups/__init__.py                    0      0   100%
orchestro/lookups/orche.py                       9      0   100%
orchestro/orche/__init__.py                      3      0   100%
orchestro/orche/addons/__init__.py               3      0   100%
orchestro/orche/addons/jinja2.py                 9      0   100%
orchestro/orche/addons/logger.py                65      0   100%
orchestro/orche/addons/test/__init__.py          0      0   100%
orchestro/orche/addons/test/test_logger.py      39      0   100%
orchestro/orche/childs/__init__.py               7      0   100%
orchestro/orche/childs/child.py                 99      0   100%
orchestro/orche/childs/group.py                 29      0   100%
orchestro/orche/childs/orche.py                131      0   100%
orchestro/orche/childs/person.py                48      0   100%
orchestro/orche/childs/subnet.py                63      0   100%
orchestro/orche/childs/system.py                40      0   100%
orchestro/orche/childs/test/__init__.py          0      0   100%
orchestro/orche/childs/test/test_child.py        8      0   100%
orchestro/orche/childs/test/test_group.py       29      0   100%
orchestro/orche/childs/test/test_orche.py       16      0   100%
orchestro/orche/childs/test/test_person.py      31      0   100%
orchestro/orche/childs/test/test_subnet.py      28      0   100%
orchestro/orche/childs/test/test_system.py      31      0   100%
orchestro/orche/common.py                        2      0   100%
orchestro/orche/config.py                      102      0   100%
orchestro/orche/models.py                       27      0   100%
orchestro/orche/orche.py                        65      0   100%
orchestro/orche/params/__init__.py               8      0   100%
orchestro/orche/params/child.py                 14      0   100%
orchestro/orche/params/common.py                 2      0   100%
orchestro/orche/params/group.py                 13      0   100%
orchestro/orche/params/orche.py                 19      0   100%
orchestro/orche/params/person.py                13      0   100%
orchestro/orche/params/subnet.py                12      0   100%
orchestro/orche/params/system.py                14      0   100%
orchestro/orche/test/__init__.py                 2      0   100%
orchestro/orche/test/test_config.py             20      0   100%
orchestro/orche/test/test_models.py              9      0   100%
orchestro/orche/test/test_orche.py              33      0   100%
orchestro/utils/__init__.py                      3      0   100%
orchestro/utils/child.py                        18      0   100%
orchestro/utils/param.py                        29      0   100%
orchestro/utils/test/__init__.py                 0      0   100%
orchestro/utils/test/test_child.py              20      0   100%
orchestro/utils/test/test_param.py              16      0   100%
----------------------------------------------------------------
TOTAL                                         1372      0   100%
============================== 21 passed in 6.10s ==============================
    DONE
  ● Write coveragepy output to htmlcov..
    DONE
  ● Write coveragepy output to coverage.json..
    DONE
